# JRE version: OpenJDK Runtime Environment (8.0_202-b03) (build 1.8.0_202-release-1483-b03)
# Java VM: OpenJDK 64-Bit Server VM (25.202-b03 mixed mode windows-amd64 compressed oops)
Heap:
 PSYoungGen      total 144384K, used 24229K [0x000000076b400000, 0x0000000776680000, 0x00000007c0000000)
  eden space 122880K, 2% used [0x000000076b400000,0x000000076b6ab7c8,0x0000000772c00000)
  from space 21504K, 99% used [0x0000000774680000,0x0000000775b7df58,0x0000000775b80000)
  to   space 27136K, 0% used [0x0000000772c00000,0x0000000772c00000,0x0000000774680000)
 ParOldGen       total 189952K, used 33074K [0x00000006c1c00000, 0x00000006cd580000, 0x000000076b400000)
  object space 189952K, 17% used [0x00000006c1c00000,0x00000006c3c4c938,0x00000006cd580000)
 Metaspace       used 54306K, capacity 55384K, committed 55680K, reserved 1097728K
  class space    used 6751K, capacity 7006K, committed 7040K, reserved 1048576K
GC Heap History (10 events):
Event: 2.578 GC heap before
{Heap before GC invocations=4 (full 1):
 PSYoungGen      total 76288K, used 65536K [0x000000076b400000, 0x0000000774900000, 0x00000007c0000000)
  eden space 65536K, 100% used [0x000000076b400000,0x000000076f400000,0x000000076f400000)
  from space 10752K, 0% used [0x000000076fe80000,0x000000076fe80000,0x0000000770900000)
  to   space 10752K, 0% used [0x000000076f400000,0x000000076f400000,0x000000076fe80000)
 ParOldGen       total 117248K, used 8846K [0x00000006c1c00000, 0x00000006c8e80000, 0x000000076b400000)
  object space 117248K, 7% used [0x00000006c1c00000,0x00000006c24a3810,0x00000006c8e80000)
 Metaspace       used 29944K, capacity 30484K, committed 30720K, reserved 1075200K
  class space    used 3849K, capacity 3993K, committed 4096K, reserved 1048576K
Event: 2.591 GC heap after
Heap after GC invocations=4 (full 1):
 PSYoungGen      total 76288K, used 10731K [0x000000076b400000, 0x0000000772480000, 0x00000007c0000000)
  eden space 65536K, 0% used [0x000000076b400000,0x000000076b400000,0x000000076f400000)
  from space 10752K, 99% used [0x000000076f400000,0x000000076fe7ae58,0x000000076fe80000)
  to   space 10752K, 0% used [0x0000000771a00000,0x0000000771a00000,0x0000000772480000)
 ParOldGen       total 117248K, used 14557K [0x00000006c1c00000, 0x00000006c8e80000, 0x000000076b400000)
  object space 117248K, 12% used [0x00000006c1c00000,0x00000006c2a37418,0x00000006c8e80000)
 Metaspace       used 29944K, capacity 30484K, committed 30720K, reserved 1075200K
  class space    used 3849K, capacity 3993K, committed 4096K, reserved 1048576K
}
Event: 3.124 GC heap before
{Heap before GC invocations=5 (full 1):
 PSYoungGen      total 76288K, used 39584K [0x000000076b400000, 0x0000000772480000, 0x00000007c0000000)
  eden space 65536K, 44% used [0x000000076b400000,0x000000076d02d3f0,0x000000076f400000)
  from space 10752K, 99% used [0x000000076f400000,0x000000076fe7ae58,0x000000076fe80000)
  to   space 10752K, 0% used [0x0000000771a00000,0x0000000771a00000,0x0000000772480000)
 ParOldGen       total 117248K, used 14557K [0x00000006c1c00000, 0x00000006c8e80000, 0x000000076b400000)
  object space 117248K, 12% used [0x00000006c1c00000,0x00000006c2a37418,0x00000006c8e80000)
 Metaspace       used 34812K, capacity 35372K, committed 35496K, reserved 1081344K
  class space    used 4430K, capacity 4570K, committed 4608K, reserved 1048576K
Event: 3.134 GC heap after
Heap after GC invocations=5 (full 1):
 PSYoungGen      total 104448K, used 10734K [0x000000076b400000, 0x0000000772580000, 0x00000007c0000000)
  eden space 93696K, 0% used [0x000000076b400000,0x000000076b400000,0x0000000770f80000)
  from space 10752K, 99% used [0x0000000771a00000,0x000000077247ba60,0x0000000772480000)
  to   space 10752K, 0% used [0x0000000770f80000,0x0000000770f80000,0x0000000771a00000)
 ParOldGen       total 117248K, used 17754K [0x00000006c1c00000, 0x00000006c8e80000, 0x000000076b400000)
  object space 117248K, 15% used [0x00000006c1c00000,0x00000006c2d56b38,0x00000006c8e80000)
 Metaspace       used 34812K, capacity 35372K, committed 35496K, reserved 1081344K
  class space    used 4430K, capacity 4570K, committed 4608K, reserved 1048576K
}
Event: 3.134 GC heap before
{Heap before GC invocations=6 (full 2):
 PSYoungGen      total 104448K, used 10734K [0x000000076b400000, 0x0000000772580000, 0x00000007c0000000)
  eden space 93696K, 0% used [0x000000076b400000,0x000000076b400000,0x0000000770f80000)
  from space 10752K, 99% used [0x0000000771a00000,0x000000077247ba60,0x0000000772480000)
  to   space 10752K, 0% used [0x0000000770f80000,0x0000000770f80000,0x0000000771a00000)
 ParOldGen       total 117248K, used 17754K [0x00000006c1c00000, 0x00000006c8e80000, 0x000000076b400000)
  object space 117248K, 15% used [0x00000006c1c00000,0x00000006c2d56b38,0x00000006c8e80000)
 Metaspace       used 34812K, capacity 35372K, committed 35496K, reserved 1081344K
  class space    used 4430K, capacity 4570K, committed 4608K, reserved 1048576K
Event: 3.176 GC heap after
Heap after GC invocations=6 (full 2):
 PSYoungGen      total 104448K, used 0K [0x000000076b400000, 0x0000000772580000, 0x00000007c0000000)
  eden space 93696K, 0% used [0x000000076b400000,0x000000076b400000,0x0000000770f80000)
  from space 10752K, 0% used [0x0000000771a00000,0x0000000771a00000,0x0000000772480000)
  to   space 10752K, 0% used [0x0000000770f80000,0x0000000770f80000,0x0000000771a00000)
 ParOldGen       total 189952K, used 19476K [0x00000006c1c00000, 0x00000006cd580000, 0x000000076b400000)
  object space 189952K, 10% used [0x00000006c1c00000,0x00000006c2f050c0,0x00000006cd580000)
 Metaspace       used 34812K, capacity 35372K, committed 35496K, reserved 1081344K
  class space    used 4430K, capacity 4570K, committed 4608K, reserved 1048576K
}
Event: 4.841 GC heap before
{Heap before GC invocations=7 (full 2):
 PSYoungGen      total 104448K, used 93696K [0x000000076b400000, 0x0000000772580000, 0x00000007c0000000)
  eden space 93696K, 100% used [0x000000076b400000,0x0000000770f80000,0x0000000770f80000)
  from space 10752K, 0% used [0x0000000771a00000,0x0000000771a00000,0x0000000772480000)
  to   space 10752K, 0% used [0x0000000770f80000,0x0000000770f80000,0x0000000771a00000)
 ParOldGen       total 189952K, used 19476K [0x00000006c1c00000, 0x00000006cd580000, 0x000000076b400000)
  object space 189952K, 10% used [0x00000006c1c00000,0x00000006c2f050c0,0x00000006cd580000)
 Metaspace       used 45978K, capacity 46910K, committed 47232K, reserved 1089536K
  class space    used 5903K, capacity 6149K, committed 6272K, reserved 1048576K
Event: 4.855 GC heap after
Heap after GC invocations=7 (full 2):
 PSYoungGen      total 104448K, used 10733K [0x000000076b400000, 0x0000000775b80000, 0x00000007c0000000)
  eden space 93696K, 0% used [0x000000076b400000,0x000000076b400000,0x0000000770f80000)
  from space 10752K, 99% used [0x0000000770f80000,0x00000007719fb668,0x0000000771a00000)
  to   space 21504K, 0% used [0x0000000774680000,0x0000000774680000,0x0000000775b80000)
 ParOldGen       total 189952K, used 28121K [0x00000006c1c00000, 0x00000006cd580000, 0x000000076b400000)
  object space 189952K, 14% used [0x00000006c1c00000,0x00000006c3776608,0x00000006cd580000)
 Metaspace       used 45978K, capacity 46910K, committed 47232K, reserved 1089536K
  class space    used 5903K, capacity 6149K, committed 6272K, reserved 1048576K
}
Event: 7.225 GC heap before
{Heap before GC invocations=8 (full 2):
 PSYoungGen      total 104448K, used 104429K [0x000000076b400000, 0x0000000775b80000, 0x00000007c0000000)
  eden space 93696K, 100% used [0x000000076b400000,0x0000000770f80000,0x0000000770f80000)
  from space 10752K, 99% used [0x0000000770f80000,0x00000007719fb668,0x0000000771a00000)
  to   space 21504K, 0% used [0x0000000774680000,0x0000000774680000,0x0000000775b80000)
 ParOldGen       total 189952K, used 28121K [0x00000006c1c00000, 0x00000006cd580000, 0x000000076b400000)
  object space 189952K, 14% used [0x00000006c1c00000,0x00000006c3776608,0x00000006cd580000)
 Metaspace       used 54245K, capacity 55320K, committed 55424K, reserved 1097728K
  class space    used 6746K, capacity 7006K, committed 7040K, reserved 1048576K
Event: 7.258 GC heap after
Heap after GC invocations=8 (full 2):
 PSYoungGen      total 144384K, used 21495K [0x000000076b400000, 0x0000000776680000, 0x00000007c0000000)
  eden space 122880K, 0% used [0x000000076b400000,0x000000076b400000,0x0000000772c00000)
  from space 21504K, 99% used [0x0000000774680000,0x0000000775b7df58,0x0000000775b80000)
  to   space 27136K, 0% used [0x0000000772c00000,0x0000000772c00000,0x0000000774680000)
 ParOldGen       total 189952K, used 33074K [0x00000006c1c00000, 0x00000006cd580000, 0x000000076b400000)
  object space 189952K, 17% used [0x00000006c1c00000,0x00000006c3c4c938,0x00000006cd580000)
 Metaspace       used 54245K, capacity 55320K, committed 55424K, reserved 1097728K
  class space    used 6746K, capacity 7006K, committed 7040K, reserved 1048576K
}

